Determining if the pthread_create exist failed with the following output:
Change Dir: /users/mfricke/simreef/.build/CMakeFiles/CMakeTmp

Run Build Command:"/usr/bin/gmake" "cmTC_e0bf6/fast"
/usr/bin/gmake -f CMakeFiles/cmTC_e0bf6.dir/build.make CMakeFiles/cmTC_e0bf6.dir/build
gmake[1]: Entering directory '/users/mfricke/simreef/.build/CMakeFiles/CMakeTmp'
Building C object CMakeFiles/cmTC_e0bf6.dir/CheckSymbolExists.c.o
/opt/spack/opt/spack/linux-rocky8-skylake_avx512/gcc-8.5.0/gcc-12.1.0-crtl4tekll36atmxstxm3m346irylu7t/bin/gcc   -std=c99 -o CMakeFiles/cmTC_e0bf6.dir/CheckSymbolExists.c.o   -c /users/mfricke/simreef/.build/CMakeFiles/CMakeTmp/CheckSymbolExists.c
Linking C executable cmTC_e0bf6
/opt/spack/opt/spack/linux-rocky8-skylake_avx512/gcc-8.5.0/cmake-3.11.4-qkyjqkhc6gp4zhxt7rhhf6wy4vf76ocj/bin/cmake -E cmake_link_script CMakeFiles/cmTC_e0bf6.dir/link.txt --verbose=1
/opt/spack/opt/spack/linux-rocky8-skylake_avx512/gcc-8.5.0/gcc-12.1.0-crtl4tekll36atmxstxm3m346irylu7t/bin/gcc      CMakeFiles/cmTC_e0bf6.dir/CheckSymbolExists.c.o  -o cmTC_e0bf6 
CMakeFiles/cmTC_e0bf6.dir/CheckSymbolExists.c.o: In function `main':
CheckSymbolExists.c:(.text+0x16): undefined reference to `pthread_create'
collect2: error: ld returned 1 exit status
gmake[1]: *** [CMakeFiles/cmTC_e0bf6.dir/build.make:87: cmTC_e0bf6] Error 1
gmake[1]: Leaving directory '/users/mfricke/simreef/.build/CMakeFiles/CMakeTmp'
gmake: *** [Makefile:126: cmTC_e0bf6/fast] Error 2

File /users/mfricke/simreef/.build/CMakeFiles/CMakeTmp/CheckSymbolExists.c:
/* */
#include <pthread.h>

int main(int argc, char** argv)
{
  (void)argv;
#ifndef pthread_create
  return ((int*)(&pthread_create))[argc];
#else
  (void)argc;
  return 0;
#endif
}

Determining if the function pthread_create exists in the pthreads failed with the following output:
Change Dir: /users/mfricke/simreef/.build/CMakeFiles/CMakeTmp

Run Build Command:"/usr/bin/gmake" "cmTC_7e016/fast"
/usr/bin/gmake -f CMakeFiles/cmTC_7e016.dir/build.make CMakeFiles/cmTC_7e016.dir/build
gmake[1]: Entering directory '/users/mfricke/simreef/.build/CMakeFiles/CMakeTmp'
Building C object CMakeFiles/cmTC_7e016.dir/CheckFunctionExists.c.o
/opt/spack/opt/spack/linux-rocky8-skylake_avx512/gcc-8.5.0/gcc-12.1.0-crtl4tekll36atmxstxm3m346irylu7t/bin/gcc   -DCHECK_FUNCTION_EXISTS=pthread_create   -std=c99 -o CMakeFiles/cmTC_7e016.dir/CheckFunctionExists.c.o   -c /opt/spack/opt/spack/linux-rocky8-skylake_avx512/gcc-8.5.0/cmake-3.11.4-qkyjqkhc6gp4zhxt7rhhf6wy4vf76ocj/share/cmake-3.11/Modules/CheckFunctionExists.c
Linking C executable cmTC_7e016
/opt/spack/opt/spack/linux-rocky8-skylake_avx512/gcc-8.5.0/cmake-3.11.4-qkyjqkhc6gp4zhxt7rhhf6wy4vf76ocj/bin/cmake -E cmake_link_script CMakeFiles/cmTC_7e016.dir/link.txt --verbose=1
/opt/spack/opt/spack/linux-rocky8-skylake_avx512/gcc-8.5.0/gcc-12.1.0-crtl4tekll36atmxstxm3m346irylu7t/bin/gcc  -DCHECK_FUNCTION_EXISTS=pthread_create    CMakeFiles/cmTC_7e016.dir/CheckFunctionExists.c.o  -o cmTC_7e016 -lpthreads 
/usr/bin/ld: cannot find -lpthreads
collect2: error: ld returned 1 exit status
gmake[1]: *** [CMakeFiles/cmTC_7e016.dir/build.make:87: cmTC_7e016] Error 1
gmake[1]: Leaving directory '/users/mfricke/simreef/.build/CMakeFiles/CMakeTmp'
gmake: *** [Makefile:126: cmTC_7e016/fast] Error 2


